C:\PHIL\MSVC DEV\KF_VIRTUAL_HAND_3\DEBUG\KF_VIRTUAL_HAND_3.EXE
C:\PHIL\MSVC DEV\KF_VIRTUAL_HAND_3\DEBUG\KF_VIRTUAL_HAND_3.ILK
C:\PHIL\MSVC DEV\KF_VIRTUAL_HAND_3\DEBUG\KF_VIRTUAL_HAND_3.PDB
C:\Phil\MSVC Dev\KF_Virtual_Hand_3\KF_Virtual_Hand_3\Debug\cl.command.1.tlog
C:\Phil\MSVC Dev\KF_Virtual_Hand_3\KF_Virtual_Hand_3\Debug\CL.read.1.tlog
C:\Phil\MSVC Dev\KF_Virtual_Hand_3\KF_Virtual_Hand_3\Debug\CL.write.1.tlog
C:\PHIL\MSVC DEV\KF_VIRTUAL_HAND_3\KF_VIRTUAL_HAND_3\DEBUG\FILECHOOSER.OBJ
C:\PHIL\MSVC DEV\KF_VIRTUAL_HAND_3\KF_VIRTUAL_HAND_3\DEBUG\GOALBOX.OBJ
C:\PHIL\MSVC DEV\KF_VIRTUAL_HAND_3\KF_VIRTUAL_HAND_3\DEBUG\GRIPPER.OBJ
C:\PHIL\MSVC DEV\KF_VIRTUAL_HAND_3\KF_VIRTUAL_HAND_3\DEBUG\HANDCONTROL3_UI.OBJ
C:\PHIL\MSVC DEV\KF_VIRTUAL_HAND_3\KF_VIRTUAL_HAND_3\DEBUG\KF_HAND_WINDOW.OBJ
C:\PHIL\MSVC DEV\KF_VIRTUAL_HAND_3\KF_VIRTUAL_HAND_3\DEBUG\KF_VIRTUAL_HAND_3.EXE.EMBED.MANIFEST
C:\PHIL\MSVC DEV\KF_VIRTUAL_HAND_3\KF_VIRTUAL_HAND_3\DEBUG\KF_VIRTUAL_HAND_3.EXE.EMBED.MANIFEST.RES
C:\PHIL\MSVC DEV\KF_VIRTUAL_HAND_3\KF_VIRTUAL_HAND_3\DEBUG\KF_VIRTUAL_HAND_3.EXE.INTERMEDIATE.MANIFEST
C:\PHIL\MSVC DEV\KF_VIRTUAL_HAND_3\KF_VIRTUAL_HAND_3\DEBUG\KF_VIRTUAL_HAND_3.OBJ
C:\PHIL\MSVC DEV\KF_VIRTUAL_HAND_3\KF_VIRTUAL_HAND_3\DEBUG\KF_VIRTUAL_HAND_3.PCH
C:\Phil\MSVC Dev\KF_Virtual_Hand_3\KF_Virtual_Hand_3\Debug\KF_Virtual_Hand_3_manifest.rc
C:\Phil\MSVC Dev\KF_Virtual_Hand_3\KF_Virtual_Hand_3\Debug\link.1732.read.1.tlog
C:\Phil\MSVC Dev\KF_Virtual_Hand_3\KF_Virtual_Hand_3\Debug\link.1732.write.1.tlog
C:\Phil\MSVC Dev\KF_Virtual_Hand_3\KF_Virtual_Hand_3\Debug\link.1732-cvtres.read.1.tlog
C:\Phil\MSVC Dev\KF_Virtual_Hand_3\KF_Virtual_Hand_3\Debug\link.1732-cvtres.write.1.tlog
C:\Phil\MSVC Dev\KF_Virtual_Hand_3\KF_Virtual_Hand_3\Debug\link.1880.read.1.tlog
C:\Phil\MSVC Dev\KF_Virtual_Hand_3\KF_Virtual_Hand_3\Debug\link.1880.write.1.tlog
C:\Phil\MSVC Dev\KF_Virtual_Hand_3\KF_Virtual_Hand_3\Debug\link.1880-cvtres.read.1.tlog
C:\Phil\MSVC Dev\KF_Virtual_Hand_3\KF_Virtual_Hand_3\Debug\link.1880-cvtres.write.1.tlog
C:\Phil\MSVC Dev\KF_Virtual_Hand_3\KF_Virtual_Hand_3\Debug\link.2192.read.1.tlog
C:\Phil\MSVC Dev\KF_Virtual_Hand_3\KF_Virtual_Hand_3\Debug\link.2192.write.1.tlog
C:\Phil\MSVC Dev\KF_Virtual_Hand_3\KF_Virtual_Hand_3\Debug\link.2192-cvtres.read.1.tlog
C:\Phil\MSVC Dev\KF_Virtual_Hand_3\KF_Virtual_Hand_3\Debug\link.2192-cvtres.write.1.tlog
C:\Phil\MSVC Dev\KF_Virtual_Hand_3\KF_Virtual_Hand_3\Debug\link.3340.read.1.tlog
C:\Phil\MSVC Dev\KF_Virtual_Hand_3\KF_Virtual_Hand_3\Debug\link.3340.write.1.tlog
C:\Phil\MSVC Dev\KF_Virtual_Hand_3\KF_Virtual_Hand_3\Debug\link.3340-cvtres.read.1.tlog
C:\Phil\MSVC Dev\KF_Virtual_Hand_3\KF_Virtual_Hand_3\Debug\link.3340-cvtres.write.1.tlog
C:\Phil\MSVC Dev\KF_Virtual_Hand_3\KF_Virtual_Hand_3\Debug\link.3560.read.1.tlog
C:\Phil\MSVC Dev\KF_Virtual_Hand_3\KF_Virtual_Hand_3\Debug\link.3560.write.1.tlog
C:\Phil\MSVC Dev\KF_Virtual_Hand_3\KF_Virtual_Hand_3\Debug\link.3560-cvtres.read.1.tlog
C:\Phil\MSVC Dev\KF_Virtual_Hand_3\KF_Virtual_Hand_3\Debug\link.3560-cvtres.write.1.tlog
C:\Phil\MSVC Dev\KF_Virtual_Hand_3\KF_Virtual_Hand_3\Debug\link.4156.read.1.tlog
C:\Phil\MSVC Dev\KF_Virtual_Hand_3\KF_Virtual_Hand_3\Debug\link.4156.write.1.tlog
C:\Phil\MSVC Dev\KF_Virtual_Hand_3\KF_Virtual_Hand_3\Debug\link.4156-cvtres.read.1.tlog
C:\Phil\MSVC Dev\KF_Virtual_Hand_3\KF_Virtual_Hand_3\Debug\link.4156-cvtres.write.1.tlog
C:\Phil\MSVC Dev\KF_Virtual_Hand_3\KF_Virtual_Hand_3\Debug\link.4508.read.1.tlog
C:\Phil\MSVC Dev\KF_Virtual_Hand_3\KF_Virtual_Hand_3\Debug\link.4508.write.1.tlog
C:\Phil\MSVC Dev\KF_Virtual_Hand_3\KF_Virtual_Hand_3\Debug\link.4508-cvtres.read.1.tlog
C:\Phil\MSVC Dev\KF_Virtual_Hand_3\KF_Virtual_Hand_3\Debug\link.4508-cvtres.write.1.tlog
C:\Phil\MSVC Dev\KF_Virtual_Hand_3\KF_Virtual_Hand_3\Debug\link.4768.read.1.tlog
C:\Phil\MSVC Dev\KF_Virtual_Hand_3\KF_Virtual_Hand_3\Debug\link.4768.write.1.tlog
C:\Phil\MSVC Dev\KF_Virtual_Hand_3\KF_Virtual_Hand_3\Debug\link.4820.read.1.tlog
C:\Phil\MSVC Dev\KF_Virtual_Hand_3\KF_Virtual_Hand_3\Debug\link.4820.write.1.tlog
C:\Phil\MSVC Dev\KF_Virtual_Hand_3\KF_Virtual_Hand_3\Debug\link.4820-cvtres.read.1.tlog
C:\Phil\MSVC Dev\KF_Virtual_Hand_3\KF_Virtual_Hand_3\Debug\link.4820-cvtres.write.1.tlog
C:\Phil\MSVC Dev\KF_Virtual_Hand_3\KF_Virtual_Hand_3\Debug\link.5444.read.1.tlog
C:\Phil\MSVC Dev\KF_Virtual_Hand_3\KF_Virtual_Hand_3\Debug\link.5444.write.1.tlog
C:\Phil\MSVC Dev\KF_Virtual_Hand_3\KF_Virtual_Hand_3\Debug\link.5444-cvtres.read.1.tlog
C:\Phil\MSVC Dev\KF_Virtual_Hand_3\KF_Virtual_Hand_3\Debug\link.5444-cvtres.write.1.tlog
C:\Phil\MSVC Dev\KF_Virtual_Hand_3\KF_Virtual_Hand_3\Debug\link.5584.read.1.tlog
C:\Phil\MSVC Dev\KF_Virtual_Hand_3\KF_Virtual_Hand_3\Debug\link.5584.write.1.tlog
C:\Phil\MSVC Dev\KF_Virtual_Hand_3\KF_Virtual_Hand_3\Debug\link.5584-cvtres.read.1.tlog
C:\Phil\MSVC Dev\KF_Virtual_Hand_3\KF_Virtual_Hand_3\Debug\link.5584-cvtres.write.1.tlog
C:\Phil\MSVC Dev\KF_Virtual_Hand_3\KF_Virtual_Hand_3\Debug\link.5656.read.1.tlog
C:\Phil\MSVC Dev\KF_Virtual_Hand_3\KF_Virtual_Hand_3\Debug\link.5656.write.1.tlog
C:\Phil\MSVC Dev\KF_Virtual_Hand_3\KF_Virtual_Hand_3\Debug\link.5656-cvtres.read.1.tlog
C:\Phil\MSVC Dev\KF_Virtual_Hand_3\KF_Virtual_Hand_3\Debug\link.5656-cvtres.write.1.tlog
C:\Phil\MSVC Dev\KF_Virtual_Hand_3\KF_Virtual_Hand_3\Debug\link.5948.read.1.tlog
C:\Phil\MSVC Dev\KF_Virtual_Hand_3\KF_Virtual_Hand_3\Debug\link.5948.write.1.tlog
C:\Phil\MSVC Dev\KF_Virtual_Hand_3\KF_Virtual_Hand_3\Debug\link.5948-cvtres.read.1.tlog
C:\Phil\MSVC Dev\KF_Virtual_Hand_3\KF_Virtual_Hand_3\Debug\link.5948-cvtres.write.1.tlog
C:\Phil\MSVC Dev\KF_Virtual_Hand_3\KF_Virtual_Hand_3\Debug\link.6152.read.1.tlog
C:\Phil\MSVC Dev\KF_Virtual_Hand_3\KF_Virtual_Hand_3\Debug\link.6152.write.1.tlog
C:\Phil\MSVC Dev\KF_Virtual_Hand_3\KF_Virtual_Hand_3\Debug\link.6152-cvtres.read.1.tlog
C:\Phil\MSVC Dev\KF_Virtual_Hand_3\KF_Virtual_Hand_3\Debug\link.6152-cvtres.write.1.tlog
C:\Phil\MSVC Dev\KF_Virtual_Hand_3\KF_Virtual_Hand_3\Debug\link.7044.read.1.tlog
C:\Phil\MSVC Dev\KF_Virtual_Hand_3\KF_Virtual_Hand_3\Debug\link.7044.write.1.tlog
C:\Phil\MSVC Dev\KF_Virtual_Hand_3\KF_Virtual_Hand_3\Debug\link.7400.read.1.tlog
C:\Phil\MSVC Dev\KF_Virtual_Hand_3\KF_Virtual_Hand_3\Debug\link.7400.write.1.tlog
C:\Phil\MSVC Dev\KF_Virtual_Hand_3\KF_Virtual_Hand_3\Debug\link.7400-cvtres.read.1.tlog
C:\Phil\MSVC Dev\KF_Virtual_Hand_3\KF_Virtual_Hand_3\Debug\link.7400-cvtres.write.1.tlog
C:\Phil\MSVC Dev\KF_Virtual_Hand_3\KF_Virtual_Hand_3\Debug\link.7472.read.1.tlog
C:\Phil\MSVC Dev\KF_Virtual_Hand_3\KF_Virtual_Hand_3\Debug\link.7472.write.1.tlog
C:\Phil\MSVC Dev\KF_Virtual_Hand_3\KF_Virtual_Hand_3\Debug\link.7472-cvtres.read.1.tlog
C:\Phil\MSVC Dev\KF_Virtual_Hand_3\KF_Virtual_Hand_3\Debug\link.7472-cvtres.write.1.tlog
C:\Phil\MSVC Dev\KF_Virtual_Hand_3\KF_Virtual_Hand_3\Debug\link.7604.read.1.tlog
C:\Phil\MSVC Dev\KF_Virtual_Hand_3\KF_Virtual_Hand_3\Debug\link.7604.write.1.tlog
C:\Phil\MSVC Dev\KF_Virtual_Hand_3\KF_Virtual_Hand_3\Debug\link.7604-cvtres.read.1.tlog
C:\Phil\MSVC Dev\KF_Virtual_Hand_3\KF_Virtual_Hand_3\Debug\link.7604-cvtres.write.1.tlog
C:\Phil\MSVC Dev\KF_Virtual_Hand_3\KF_Virtual_Hand_3\Debug\link.7616.read.1.tlog
C:\Phil\MSVC Dev\KF_Virtual_Hand_3\KF_Virtual_Hand_3\Debug\link.7616.write.1.tlog
C:\Phil\MSVC Dev\KF_Virtual_Hand_3\KF_Virtual_Hand_3\Debug\link.7616-cvtres.read.1.tlog
C:\Phil\MSVC Dev\KF_Virtual_Hand_3\KF_Virtual_Hand_3\Debug\link.7616-cvtres.write.1.tlog
C:\Phil\MSVC Dev\KF_Virtual_Hand_3\KF_Virtual_Hand_3\Debug\link.command.1.tlog
C:\Phil\MSVC Dev\KF_Virtual_Hand_3\KF_Virtual_Hand_3\Debug\link.read.1.tlog
C:\Phil\MSVC Dev\KF_Virtual_Hand_3\KF_Virtual_Hand_3\Debug\link.write.1.tlog
C:\Phil\MSVC Dev\KF_Virtual_Hand_3\KF_Virtual_Hand_3\Debug\link-cvtres.read.1.tlog
C:\Phil\MSVC Dev\KF_Virtual_Hand_3\KF_Virtual_Hand_3\Debug\link-cvtres.write.1.tlog
C:\Phil\MSVC Dev\KF_Virtual_Hand_3\KF_Virtual_Hand_3\Debug\mt.command.1.tlog
C:\Phil\MSVC Dev\KF_Virtual_Hand_3\KF_Virtual_Hand_3\Debug\mt.read.1.tlog
C:\Phil\MSVC Dev\KF_Virtual_Hand_3\KF_Virtual_Hand_3\Debug\mt.write.1.tlog
C:\PHIL\MSVC DEV\KF_VIRTUAL_HAND_3\KF_VIRTUAL_HAND_3\DEBUG\PHIDGETSCONTROLLER.OBJ
C:\Phil\MSVC Dev\KF_Virtual_Hand_3\KF_Virtual_Hand_3\Debug\rc.command.1.tlog
C:\Phil\MSVC Dev\KF_Virtual_Hand_3\KF_Virtual_Hand_3\Debug\rc.read.1.tlog
C:\Phil\MSVC Dev\KF_Virtual_Hand_3\KF_Virtual_Hand_3\Debug\rc.write.1.tlog
C:\PHIL\MSVC DEV\KF_VIRTUAL_HAND_3\KF_VIRTUAL_HAND_3\DEBUG\SHAREDMEMORYMANAGER.OBJ
C:\PHIL\MSVC DEV\KF_VIRTUAL_HAND_3\KF_VIRTUAL_HAND_3\DEBUG\SIMPLESPHERE.OBJ
C:\PHIL\MSVC DEV\KF_VIRTUAL_HAND_3\KF_VIRTUAL_HAND_3\DEBUG\STDAFX.OBJ
C:\PHIL\MSVC DEV\KF_VIRTUAL_HAND_3\KF_VIRTUAL_HAND_3\DEBUG\TARGETSPHERE.OBJ
C:\PHIL\MSVC DEV\KF_VIRTUAL_HAND_3\KF_VIRTUAL_HAND_3\DEBUG\TESTMANAGER.OBJ
C:\PHIL\MSVC DEV\KF_VIRTUAL_HAND_3\KF_VIRTUAL_HAND_3\DEBUG\TESTRESULT.OBJ
C:\PHIL\MSVC DEV\KF_VIRTUAL_HAND_3\KF_VIRTUAL_HAND_3\DEBUG\UI_CMD.OBJ
C:\PHIL\MSVC DEV\KF_VIRTUAL_HAND_3\KF_VIRTUAL_HAND_3\DEBUG\VC100.PDB
