C:\Phil\MSVC Dev\KF_Virtual_Hand_3\KF_Virtual_Hand_3\Release\cl.command.1.tlog
C:\Phil\MSVC Dev\KF_Virtual_Hand_3\KF_Virtual_Hand_3\Release\CL.read.1.tlog
C:\Phil\MSVC Dev\KF_Virtual_Hand_3\KF_Virtual_Hand_3\Release\CL.write.1.tlog
C:\PHIL\MSVC DEV\KF_VIRTUAL_HAND_3\KF_VIRTUAL_HAND_3\RELEASE\FILECHOOSER.OBJ
C:\PHIL\MSVC DEV\KF_VIRTUAL_HAND_3\KF_VIRTUAL_HAND_3\RELEASE\GOALBOX.OBJ
C:\PHIL\MSVC DEV\KF_VIRTUAL_HAND_3\KF_VIRTUAL_HAND_3\RELEASE\GRIPPER.OBJ
C:\PHIL\MSVC DEV\KF_VIRTUAL_HAND_3\KF_VIRTUAL_HAND_3\RELEASE\HANDCONTROL3_UI.OBJ
C:\PHIL\MSVC DEV\KF_VIRTUAL_HAND_3\KF_VIRTUAL_HAND_3\RELEASE\KF_HAND_WINDOW.OBJ
C:\PHIL\MSVC DEV\KF_VIRTUAL_HAND_3\KF_VIRTUAL_HAND_3\RELEASE\KF_VIRTUAL_HAND_3.EXE.INTERMEDIATE.MANIFEST
C:\PHIL\MSVC DEV\KF_VIRTUAL_HAND_3\KF_VIRTUAL_HAND_3\RELEASE\KF_VIRTUAL_HAND_3.OBJ
C:\PHIL\MSVC DEV\KF_VIRTUAL_HAND_3\KF_VIRTUAL_HAND_3\RELEASE\KF_VIRTUAL_HAND_3.PCH
C:\Phil\MSVC Dev\KF_Virtual_Hand_3\KF_Virtual_Hand_3\Release\link.command.1.tlog
C:\Phil\MSVC Dev\KF_Virtual_Hand_3\KF_Virtual_Hand_3\Release\link.read.1.tlog
C:\Phil\MSVC Dev\KF_Virtual_Hand_3\KF_Virtual_Hand_3\Release\link.write.1.tlog
C:\Phil\MSVC Dev\KF_Virtual_Hand_3\KF_Virtual_Hand_3\Release\mt.command.1.tlog
C:\Phil\MSVC Dev\KF_Virtual_Hand_3\KF_Virtual_Hand_3\Release\mt.read.1.tlog
C:\Phil\MSVC Dev\KF_Virtual_Hand_3\KF_Virtual_Hand_3\Release\mt.write.1.tlog
C:\PHIL\MSVC DEV\KF_VIRTUAL_HAND_3\KF_VIRTUAL_HAND_3\RELEASE\PHIDGETSCONTROLLER.OBJ
C:\PHIL\MSVC DEV\KF_VIRTUAL_HAND_3\KF_VIRTUAL_HAND_3\RELEASE\SHAREDMEMORYMANAGER.OBJ
C:\PHIL\MSVC DEV\KF_VIRTUAL_HAND_3\KF_VIRTUAL_HAND_3\RELEASE\SIMPLESPHERE.OBJ
C:\PHIL\MSVC DEV\KF_VIRTUAL_HAND_3\KF_VIRTUAL_HAND_3\RELEASE\STDAFX.OBJ
C:\PHIL\MSVC DEV\KF_VIRTUAL_HAND_3\KF_VIRTUAL_HAND_3\RELEASE\TARGETSPHERE.OBJ
C:\PHIL\MSVC DEV\KF_VIRTUAL_HAND_3\KF_VIRTUAL_HAND_3\RELEASE\TESTMANAGER.OBJ
C:\PHIL\MSVC DEV\KF_VIRTUAL_HAND_3\KF_VIRTUAL_HAND_3\RELEASE\TESTRESULT.OBJ
C:\PHIL\MSVC DEV\KF_VIRTUAL_HAND_3\KF_VIRTUAL_HAND_3\RELEASE\UI_CMD.OBJ
C:\PHIL\MSVC DEV\KF_VIRTUAL_HAND_3\KF_VIRTUAL_HAND_3\RELEASE\VC100.PDB
C:\PHIL\MSVC DEV\KF_VIRTUAL_HAND_3\RELEASE\KF_VIRTUAL_HAND_3.EXE
C:\PHIL\MSVC DEV\KF_VIRTUAL_HAND_3\RELEASE\KF_VIRTUAL_HAND_3.PDB
