C:\PHIL\MSVC DEV\KF_VIRTUAL_HAND_3\DEBUG\KF_PHANTOM.EXE
C:\PHIL\MSVC DEV\KF_VIRTUAL_HAND_3\DEBUG\KF_PHANTOM.ILK
C:\PHIL\MSVC DEV\KF_VIRTUAL_HAND_3\DEBUG\KF_PHANTOM.PDB
C:\PHIL\MSVC DEV\KF_VIRTUAL_HAND_3\KF_PHANTOM\DEBUG\BASEGEOMETRYPATCH.OBJ
C:\Phil\MSVC Dev\KF_Virtual_Hand_3\KF_Phantom\Debug\cl.command.1.tlog
C:\Phil\MSVC Dev\KF_Virtual_Hand_3\KF_Phantom\Debug\CL.read.1.tlog
C:\Phil\MSVC Dev\KF_Virtual_Hand_3\KF_Phantom\Debug\CL.write.1.tlog
C:\PHIL\MSVC DEV\KF_VIRTUAL_HAND_3\KF_PHANTOM\DEBUG\KF_PHANTOM.EXE.EMBED.MANIFEST
C:\PHIL\MSVC DEV\KF_VIRTUAL_HAND_3\KF_PHANTOM\DEBUG\KF_PHANTOM.EXE.EMBED.MANIFEST.RES
C:\PHIL\MSVC DEV\KF_VIRTUAL_HAND_3\KF_PHANTOM\DEBUG\KF_PHANTOM.EXE.INTERMEDIATE.MANIFEST
C:\PHIL\MSVC DEV\KF_VIRTUAL_HAND_3\KF_PHANTOM\DEBUG\KF_PHANTOM.OBJ
C:\PHIL\MSVC DEV\KF_VIRTUAL_HAND_3\KF_PHANTOM\DEBUG\KF_PHANTOM.PCH
C:\Phil\MSVC Dev\KF_Virtual_Hand_3\KF_Phantom\Debug\KF_Phantom_manifest.rc
C:\Phil\MSVC Dev\KF_Virtual_Hand_3\KF_Phantom\Debug\link.4176.read.1.tlog
C:\Phil\MSVC Dev\KF_Virtual_Hand_3\KF_Phantom\Debug\link.4176.read.2.tlog
C:\Phil\MSVC Dev\KF_Virtual_Hand_3\KF_Phantom\Debug\link.4176.write.1.tlog
C:\Phil\MSVC Dev\KF_Virtual_Hand_3\KF_Phantom\Debug\link.4176-cvtres.read.1.tlog
C:\Phil\MSVC Dev\KF_Virtual_Hand_3\KF_Phantom\Debug\link.4176-cvtres.write.1.tlog
C:\Phil\MSVC Dev\KF_Virtual_Hand_3\KF_Phantom\Debug\link.command.1.tlog
C:\Phil\MSVC Dev\KF_Virtual_Hand_3\KF_Phantom\Debug\link.read.1.tlog
C:\Phil\MSVC Dev\KF_Virtual_Hand_3\KF_Phantom\Debug\link.read.2.tlog
C:\Phil\MSVC Dev\KF_Virtual_Hand_3\KF_Phantom\Debug\link.write.1.tlog
C:\Phil\MSVC Dev\KF_Virtual_Hand_3\KF_Phantom\Debug\link-cvtres.read.1.tlog
C:\Phil\MSVC Dev\KF_Virtual_Hand_3\KF_Phantom\Debug\link-cvtres.write.1.tlog
C:\Phil\MSVC Dev\KF_Virtual_Hand_3\KF_Phantom\Debug\mt.command.1.tlog
C:\Phil\MSVC Dev\KF_Virtual_Hand_3\KF_Phantom\Debug\mt.read.1.tlog
C:\Phil\MSVC Dev\KF_Virtual_Hand_3\KF_Phantom\Debug\mt.write.1.tlog
C:\Phil\MSVC Dev\KF_Virtual_Hand_3\KF_Phantom\Debug\rc.command.1.tlog
C:\Phil\MSVC Dev\KF_Virtual_Hand_3\KF_Phantom\Debug\rc.read.1.tlog
C:\Phil\MSVC Dev\KF_Virtual_Hand_3\KF_Phantom\Debug\rc.write.1.tlog
C:\PHIL\MSVC DEV\KF_VIRTUAL_HAND_3\KF_PHANTOM\DEBUG\SHAREDMEMORYMANAGER.OBJ
C:\PHIL\MSVC DEV\KF_VIRTUAL_HAND_3\KF_PHANTOM\DEBUG\STDAFX.OBJ
C:\Phil\MSVC Dev\KF_Virtual_Hand_3\KF_Phantom\Debug\vc100.idb
C:\PHIL\MSVC DEV\KF_VIRTUAL_HAND_3\KF_PHANTOM\DEBUG\VC100.PDB
